\BOOKMARK [1][-]{section.1}{\376\377\000V\000e\000c\000t\000o\000r\000s\000\040\000i\000n\000\040\000R\000n}{}% 1
\BOOKMARK [2][-]{subsection.1.1}{\376\377\000D\000e\000f\000i\000n\000i\000t\000i\000o\000n\000\040\000a\000n\000d\000\040\000R\000e\000p\000r\000e\000s\000e\000n\000t\000a\000t\000i\000o\000n\000\040\000o\000f\000\040\000V\000e\000c\000t\000o\000r\000s}{section.1}% 2
\BOOKMARK [3][-]{subsubsection.1.1.1}{\376\377\000P\000o\000s\000i\000t\000i\000o\000n\000\040\000V\000e\000c\000t\000o\000r}{subsection.1.1}% 3
\BOOKMARK [2][-]{subsection.1.2}{\376\377\000B\000a\000s\000i\000c\000\040\000V\000e\000c\000t\000o\000r\000\040\000O\000p\000e\000r\000a\000t\000i\000o\000n\000s}{section.1}% 4
\BOOKMARK [3][-]{subsubsection.1.2.1}{\376\377\000V\000e\000c\000t\000o\000r\000\040\000A\000d\000d\000i\000t\000i\000o\000n}{subsection.1.2}% 5
\BOOKMARK [3][-]{subsubsection.1.2.2}{\376\377\000V\000e\000c\000t\000o\000r\000\040\000S\000u\000b\000t\000r\000a\000c\000t\000i\000o\000n}{subsection.1.2}% 6
\BOOKMARK [3][-]{subsubsection.1.2.3}{\376\377\000S\000c\000a\000l\000a\000r\000\040\000M\000u\000l\000t\000i\000p\000l\000i\000c\000a\000t\000i\000o\000n}{subsection.1.2}% 7
\BOOKMARK [3][-]{subsubsection.1.2.4}{\376\377\000B\000a\000s\000i\000c\000\040\000P\000r\000o\000p\000e\000r\000t\000i\000e\000s\000\040\000o\000f\000\040\000V\000e\000c\000t\000o\000r\000\040\000O\000p\000e\000r\000a\000t\000i\000o\000n\000s}{subsection.1.2}% 8
\BOOKMARK [2][-]{subsection.1.3}{\376\377\000N\000o\000r\000m\000,\000\040\000M\000a\000g\000n\000i\000t\000u\000d\000e\000,\000\040\000a\000n\000d\000\040\000U\000n\000i\000t\000\040\000V\000e\000c\000t\000o\000r\000s}{section.1}% 9
\BOOKMARK [3][-]{subsubsection.1.3.1}{\376\377\000M\000a\000g\000n\000i\000t\000u\000d\000e\000\040\000\050\000N\000o\000r\000m\000\051}{subsection.1.3}% 10
\BOOKMARK [3][-]{subsubsection.1.3.2}{\376\377\000U\000n\000i\000t\000\040\000V\000e\000c\000t\000o\000r}{subsection.1.3}% 11
\BOOKMARK [2][-]{subsection.1.4}{\376\377\000S\000t\000a\000n\000d\000a\000r\000d\000\040\000B\000a\000s\000i\000s\000\040\000a\000n\000d\000\040\000C\000o\000m\000p\000o\000n\000e\000n\000t\000\040\000F\000o\000r\000m}{section.1}% 12
\BOOKMARK [3][-]{subsubsection.1.4.1}{\376\377\000S\000t\000a\000n\000d\000a\000r\000d\000\040\000B\000a\000s\000i\000s\000\040\000V\000e\000c\000t\000o\000r\000s}{subsection.1.4}% 13
\BOOKMARK [3][-]{subsubsection.1.4.2}{\376\377\000C\000o\000m\000p\000o\000n\000e\000n\000t\000\040\000F\000o\000r\000m\000\040\000i\000n\000\040\000R\0003}{subsection.1.4}% 14
\BOOKMARK [2][-]{subsection.1.5}{\376\377\000V\000e\000c\000t\000o\000r\000\040\000A\000p\000p\000l\000i\000c\000a\000t\000i\000o\000n\000s}{section.1}% 15
\BOOKMARK [3][-]{subsubsection.1.5.1}{\376\377\000D\000i\000s\000p\000l\000a\000c\000e\000m\000e\000n\000t}{subsection.1.5}% 16
\BOOKMARK [3][-]{subsubsection.1.5.2}{\376\377\000V\000e\000l\000o\000c\000i\000t\000y}{subsection.1.5}% 17
\BOOKMARK [3][-]{subsubsection.1.5.3}{\376\377\000F\000o\000r\000c\000e\000\040\000a\000n\000d\000\040\000R\000e\000s\000u\000l\000t\000a\000n\000t\000\040\000F\000o\000r\000c\000e}{subsection.1.5}% 18
\BOOKMARK [3][-]{subsubsection.1.5.4}{\376\377\000R\000e\000s\000u\000l\000t\000a\000n\000t\000\040\000o\000f\000\040\000T\000w\000o\000\040\000F\000o\000r\000c\000e\000s}{subsection.1.5}% 19
\BOOKMARK [3][-]{subsubsection.1.5.5}{\376\377\000R\000e\000s\000u\000l\000t\000a\000n\000t\000\040\000F\000o\000r\000c\000e\000\040\000w\000i\000t\000h\000\040\000T\000h\000r\000e\000e\000\040\000F\000o\000r\000c\000e\000s\000\040\000i\000n\000\040\0003\000D}{subsection.1.5}% 20
\BOOKMARK [3][-]{subsubsection.1.5.6}{\376\377\000E\000q\000u\000i\000l\000i\000b\000r\000i\000u\000m\000\040\000C\000o\000n\000d\000i\000t\000i\000o\000n}{subsection.1.5}% 21
\BOOKMARK [1][-]{section.2}{\376\377\000D\000o\000t\000\040\000P\000r\000o\000d\000u\000c\000t}{}% 22
\BOOKMARK [2][-]{subsection.2.1}{\376\377\000D\000e\000f\000i\000n\000i\000t\000i\000o\000n\000\040\000a\000n\000d\000\040\000F\000o\000r\000m\000u\000l\000a}{section.2}% 23
\BOOKMARK [2][-]{subsection.2.2}{\376\377\000P\000r\000o\000p\000e\000r\000t\000i\000e\000s\000\040\000o\000f\000\040\000D\000o\000t\000\040\000P\000r\000o\000d\000u\000c\000t}{section.2}% 24
\BOOKMARK [2][-]{subsection.2.3}{\376\377\000A\000n\000g\000l\000e\000\040\000a\000n\000d\000\040\000O\000r\000t\000h\000o\000g\000o\000n\000a\000l\000i\000t\000y}{section.2}% 25
\BOOKMARK [3][-]{subsubsection.2.3.1}{\376\377\000A\000n\000g\000l\000e\000\040\000B\000e\000t\000w\000e\000e\000n\000\040\000T\000w\000o\000\040\000V\000e\000c\000t\000o\000r\000s}{subsection.2.3}% 26
\BOOKMARK [3][-]{subsubsection.2.3.2}{\376\377\000O\000r\000t\000h\000o\000g\000o\000n\000a\000l\000i\000t\000y}{subsection.2.3}% 27
\BOOKMARK [2][-]{subsection.2.4}{\376\377\000P\000r\000o\000j\000e\000c\000t\000i\000o\000n\000\040\000a\000n\000d\000\040\000C\000o\000m\000p\000o\000n\000e\000n\000t\000s}{section.2}% 28
\BOOKMARK [3][-]{subsubsection.2.4.1}{\376\377\000S\000c\000a\000l\000a\000r\000\040\000C\000o\000m\000p\000o\000n\000e\000n\000t\000\040\000o\000f\000\040\000a\000\040\000i\000n\000\040\000t\000h\000e\000\040\000D\000i\000r\000e\000c\000t\000i\000o\000n\000\040\000o\000f\000\040\000b}{subsection.2.4}% 29
\BOOKMARK [3][-]{subsubsection.2.4.2}{\376\377\000V\000e\000c\000t\000o\000r\000\040\000P\000r\000o\000j\000e\000c\000t\000i\000o\000n\000\040\000o\000f\000\040\000a\000\040\000o\000n\000t\000o\000\040\000b}{subsection.2.4}% 30
\BOOKMARK [2][-]{subsection.2.5}{\376\377\000A\000p\000p\000l\000i\000c\000a\000t\000i\000o\000n\000s}{section.2}% 31
\BOOKMARK [3][-]{subsubsection.2.5.1}{\376\377\000W\000o\000r\000k\000\040\000D\000o\000n\000e\000\040\000b\000y\000\040\000a\000\040\000C\000o\000n\000s\000t\000a\000n\000t\000\040\000F\000o\000r\000c\000e}{subsection.2.5}% 32
\BOOKMARK [3][-]{subsubsection.2.5.2}{\376\377\000D\000e\000c\000o\000m\000p\000o\000s\000i\000n\000g\000\040\000a\000\040\000V\000e\000c\000t\000o\000r\000\040\000i\000n\000t\000o\000\040\000P\000a\000r\000a\000l\000l\000e\000l\000\040\000a\000n\000d\000\040\000P\000e\000r\000p\000e\000n\000d\000i\000c\000u\000l\000a\000r\000\040\000P\000a\000r\000t\000s}{subsection.2.5}% 33
\BOOKMARK [1][-]{section.3}{\376\377\000C\000r\000o\000s\000s\000\040\000P\000r\000o\000d\000u\000c\000t}{}% 34
\BOOKMARK [2][-]{subsection.3.1}{\376\377\000D\000e\000f\000i\000n\000i\000t\000i\000o\000n\000\040\000a\000n\000d\000\040\000G\000e\000o\000m\000e\000t\000r\000i\000c\000\040\000M\000e\000a\000n\000i\000n\000g}{section.3}% 35
\BOOKMARK [3][-]{subsubsection.3.1.1}{\376\377\000M\000a\000g\000n\000i\000t\000u\000d\000e\000\040\000a\000n\000d\000\040\000A\000r\000e\000a\000\040\000I\000n\000t\000e\000r\000p\000r\000e\000t\000a\000t\000i\000o\000n}{subsection.3.1}% 36
\BOOKMARK [3][-]{subsubsection.3.1.2}{\376\377\000W\000h\000e\000n\000\040\000i\000s\000\040\000t\000h\000e\000\040\000C\000r\000o\000s\000s\000\040\000P\000r\000o\000d\000u\000c\000t\000\040\000Z\000e\000r\000o\000?}{subsection.3.1}% 37
\BOOKMARK [2][-]{subsection.3.2}{\376\377\000R\000i\000g\000h\000t\000-\000H\000a\000n\000d\000\040\000R\000u\000l\000e\000\040\000a\000n\000d\000\040\000O\000r\000i\000e\000n\000t\000a\000t\000i\000o\000n}{section.3}% 38
\BOOKMARK [3][-]{subsubsection.3.2.1}{\376\377\000D\000i\000r\000e\000c\000t\000i\000o\000n\000\040\000o\000f\000\040\000t\000h\000e\000\040\000C\000r\000o\000s\000s\000\040\000P\000r\000o\000d\000u\000c\000t}{subsection.3.2}% 39
\BOOKMARK [3][-]{subsubsection.3.2.2}{\376\377\000R\000i\000g\000h\000t\000-\000H\000a\000n\000d\000e\000d\000\040\000C\000o\000o\000r\000d\000i\000n\000a\000t\000e\000\040\000S\000y\000s\000t\000e\000m\000s}{subsection.3.2}% 40
\BOOKMARK [2][-]{subsection.3.3}{\376\377\000C\000r\000o\000s\000s\000\040\000P\000r\000o\000d\000u\000c\000t\000\040\000C\000o\000m\000p\000u\000t\000a\000t\000i\000o\000n}{section.3}% 41
\BOOKMARK [3][-]{subsubsection.3.3.1}{\376\377\000C\000o\000m\000p\000o\000n\000e\000n\000t\000\040\000F\000o\000r\000m\000u\000l\000a}{subsection.3.3}% 42
\BOOKMARK [3][-]{subsubsection.3.3.2}{\376\377\000D\000e\000t\000e\000r\000m\000i\000n\000a\000n\000t\000\040\000M\000e\000t\000h\000o\000d}{subsection.3.3}% 43
\BOOKMARK [2][-]{subsection.3.4}{\376\377\000P\000r\000o\000p\000e\000r\000t\000i\000e\000s\000\040\000o\000f\000\040\000t\000h\000e\000\040\000C\000r\000o\000s\000s\000\040\000P\000r\000o\000d\000u\000c\000t}{section.3}% 44
\BOOKMARK [3][-]{subsubsection.3.4.1}{\376\377\000L\000i\000n\000e\000a\000r\000i\000t\000y\000\040\000a\000n\000d\000\040\000D\000i\000s\000t\000r\000i\000b\000u\000t\000i\000v\000e\000\040\000L\000a\000w\000s}{subsection.3.4}% 45
\BOOKMARK [3][-]{subsubsection.3.4.2}{\376\377\000A\000n\000t\000i\000-\000C\000o\000m\000m\000u\000t\000a\000t\000i\000v\000i\000t\000y}{subsection.3.4}% 46
\BOOKMARK [3][-]{subsubsection.3.4.3}{\376\377\000N\000o\000t\000\040\000A\000s\000s\000o\000c\000i\000a\000t\000i\000v\000e}{subsection.3.4}% 47
\BOOKMARK [2][-]{subsection.3.5}{\376\377\000S\000c\000a\000l\000a\000r\000\040\000T\000r\000i\000p\000l\000e\000\040\000P\000r\000o\000d\000u\000c\000t\000\040\000a\000n\000d\000\040\000V\000o\000l\000u\000m\000e\000\040\000I\000n\000t\000e\000r\000p\000r\000e\000t\000a\000t\000i\000o\000n}{section.3}% 48
\BOOKMARK [3][-]{subsubsection.3.5.1}{\376\377\000D\000e\000f\000i\000n\000i\000t\000i\000o\000n}{subsection.3.5}% 49
\BOOKMARK [3][-]{subsubsection.3.5.2}{\376\377\000D\000e\000t\000e\000r\000m\000i\000n\000a\000n\000t\000\040\000F\000o\000r\000m}{subsection.3.5}% 50
\BOOKMARK [3][-]{subsubsection.3.5.3}{\376\377\000G\000e\000o\000m\000e\000t\000r\000i\000c\000\040\000M\000e\000a\000n\000i\000n\000g\000:\000\040\000V\000o\000l\000u\000m\000e}{subsection.3.5}% 51
\BOOKMARK [1][-]{section.4}{\376\377\000L\000i\000n\000e\000s\000\040\000a\000n\000d\000\040\000P\000l\000a\000n\000e\000s\000\040\000i\000n\000\040\000R\0002\000\040\000a\000n\000d\000\040\000R\0003}{}% 52
\BOOKMARK [2][-]{subsection.4.1}{\376\377\000E\000q\000u\000a\000t\000i\000o\000n\000s\000\040\000o\000f\000\040\000L\000i\000n\000e\000s}{section.4}% 53
\BOOKMARK [3][-]{subsubsection.4.1.1}{\376\377\000V\000e\000c\000t\000o\000r\000\040\000E\000q\000u\000a\000t\000i\000o\000n\000\040\000o\000f\000\040\000a\000\040\000L\000i\000n\000e}{subsection.4.1}% 54
\BOOKMARK [3][-]{subsubsection.4.1.2}{\376\377\000P\000a\000r\000a\000m\000e\000t\000r\000i\000c\000\040\000E\000q\000u\000a\000t\000i\000o\000n\000s\000\040\000o\000f\000\040\000a\000\040\000L\000i\000n\000e}{subsection.4.1}% 55
\BOOKMARK [3][-]{subsubsection.4.1.3}{\376\377\000S\000y\000m\000m\000e\000t\000r\000i\000c\000\040\000F\000o\000r\000m\000\040\000o\000f\000\040\000a\000\040\000L\000i\000n\000e}{subsection.4.1}% 56
\BOOKMARK [2][-]{subsection.4.2}{\376\377\000E\000q\000u\000a\000t\000i\000o\000n\000s\000\040\000o\000f\000\040\000P\000l\000a\000n\000e\000s}{section.4}% 57
\BOOKMARK [3][-]{subsubsection.4.2.1}{\376\377\000P\000l\000a\000n\000e\000\040\000E\000q\000u\000a\000t\000i\000o\000n\000\040\000U\000s\000i\000n\000g\000\040\000a\000\040\000N\000o\000r\000m\000a\000l\000\040\000V\000e\000c\000t\000o\000r}{subsection.4.2}% 58
\BOOKMARK [3][-]{subsubsection.4.2.2}{\376\377\000P\000l\000a\000n\000e\000\040\000E\000q\000u\000a\000t\000i\000o\000n\000\040\000i\000n\000\040\000S\000t\000a\000n\000d\000a\000r\000d\000\040\000F\000o\000r\000m}{subsection.4.2}% 59
\BOOKMARK [3][-]{subsubsection.4.2.3}{\376\377\000P\000a\000r\000a\000m\000e\000t\000r\000i\000c\000\040\000F\000o\000r\000m\000\040\000o\000f\000\040\000a\000\040\000P\000l\000a\000n\000e}{subsection.4.2}% 60
\BOOKMARK [2][-]{subsection.4.3}{\376\377\000P\000a\000r\000a\000l\000l\000e\000l\000i\000s\000m\000\040\000a\000n\000d\000\040\000P\000e\000r\000p\000e\000n\000d\000i\000c\000u\000l\000a\000r\000i\000t\000y}{section.4}% 61
\BOOKMARK [3][-]{subsubsection.4.3.1}{\376\377\000P\000a\000r\000a\000l\000l\000e\000l\000\040\000L\000i\000n\000e\000s}{subsection.4.3}% 62
\BOOKMARK [3][-]{subsubsection.4.3.2}{\376\377\000P\000e\000r\000p\000e\000n\000d\000i\000c\000u\000l\000a\000r\000\040\000L\000i\000n\000e\000s}{subsection.4.3}% 63
\BOOKMARK [3][-]{subsubsection.4.3.3}{\376\377\000P\000a\000r\000a\000l\000l\000e\000l\000\040\000P\000l\000a\000n\000e\000s}{subsection.4.3}% 64
\BOOKMARK [3][-]{subsubsection.4.3.4}{\376\377\000P\000e\000r\000p\000e\000n\000d\000i\000c\000u\000l\000a\000r\000\040\000P\000l\000a\000n\000e\000s}{subsection.4.3}% 65
\BOOKMARK [2][-]{subsection.4.4}{\376\377\000D\000i\000s\000t\000a\000n\000c\000e\000\040\000a\000n\000d\000\040\000P\000r\000o\000j\000e\000c\000t\000i\000o\000n\000s}{section.4}% 66
\BOOKMARK [3][-]{subsubsection.4.4.1}{\376\377\000D\000i\000s\000t\000a\000n\000c\000e\000\040\000B\000e\000t\000w\000e\000e\000n\000\040\000T\000w\000o\000\040\000P\000o\000i\000n\000t\000s}{subsection.4.4}% 67
\BOOKMARK [3][-]{subsubsection.4.4.2}{\376\377\000D\000i\000s\000t\000a\000n\000c\000e\000\040\000f\000r\000o\000m\000\040\000a\000\040\000P\000o\000i\000n\000t\000\040\000t\000o\000\040\000a\000\040\000P\000l\000a\000n\000e}{subsection.4.4}% 68
\BOOKMARK [2][-]{subsection.4.5}{\376\377\000I\000n\000t\000e\000r\000s\000e\000c\000t\000i\000o\000n\000s}{section.4}% 69
\BOOKMARK [3][-]{subsubsection.4.5.1}{\376\377\000I\000n\000t\000e\000r\000s\000e\000c\000t\000i\000o\000n\000\040\000o\000f\000\040\000a\000\040\000L\000i\000n\000e\000\040\000a\000n\000d\000\040\000a\000\040\000P\000l\000a\000n\000e}{subsection.4.5}% 70
\BOOKMARK [3][-]{subsubsection.4.5.2}{\376\377\000I\000n\000t\000e\000r\000s\000e\000c\000t\000i\000o\000n\000\040\000o\000f\000\040\000T\000w\000o\000\040\000P\000l\000a\000n\000e\000s}{subsection.4.5}% 71
\BOOKMARK [1][-]{section.5}{\376\377\000V\000e\000c\000t\000o\000r\000\040\000S\000p\000a\000c\000e\000s}{}% 72
\BOOKMARK [2][-]{subsection.5.1}{\376\377\000D\000e\000f\000i\000n\000i\000t\000i\000o\000n\000\040\000a\000n\000d\000\040\000E\000x\000a\000m\000p\000l\000e\000s}{section.5}% 73
\BOOKMARK [3][-]{subsubsection.5.1.1}{\376\377\000C\000o\000m\000m\000o\000n\000\040\000E\000x\000a\000m\000p\000l\000e\000s\000\040\000o\000f\000\040\000V\000e\000c\000t\000o\000r\000\040\000S\000p\000a\000c\000e\000s}{subsection.5.1}% 74
\BOOKMARK [2][-]{subsection.5.2}{\376\377\000S\000u\000b\000s\000p\000a\000c\000e\000s}{section.5}% 75
\BOOKMARK [2][-]{subsection.5.3}{\376\377\000S\000p\000a\000n\000\040\000a\000n\000d\000\040\000L\000i\000n\000e\000a\000r\000\040\000C\000o\000m\000b\000i\000n\000a\000t\000i\000o\000n\000s}{section.5}% 76
\BOOKMARK [3][-]{subsubsection.5.3.1}{\376\377\000L\000i\000n\000e\000a\000r\000\040\000C\000o\000m\000b\000i\000n\000a\000t\000i\000o\000n}{subsection.5.3}% 77
\BOOKMARK [3][-]{subsubsection.5.3.2}{\376\377\000S\000p\000a\000n}{subsection.5.3}% 78
\BOOKMARK [2][-]{subsection.5.4}{\376\377\000L\000i\000n\000e\000a\000r\000\040\000I\000n\000d\000e\000p\000e\000n\000d\000e\000n\000c\000e}{section.5}% 79
\BOOKMARK [2][-]{subsection.5.5}{\376\377\000B\000a\000s\000i\000s\000\040\000a\000n\000d\000\040\000D\000i\000m\000e\000n\000s\000i\000o\000n}{section.5}% 80
\BOOKMARK [3][-]{subsubsection.5.5.1}{\376\377\000B\000a\000s\000i\000s}{subsection.5.5}% 81
\BOOKMARK [3][-]{subsubsection.5.5.2}{\376\377\000D\000i\000m\000e\000n\000s\000i\000o\000n}{subsection.5.5}% 82
\BOOKMARK [2][-]{subsection.5.6}{\376\377\000C\000o\000o\000r\000d\000i\000n\000a\000t\000e\000s\000\040\000R\000e\000l\000a\000t\000i\000v\000e\000\040\000t\000o\000\040\000a\000\040\000B\000a\000s\000i\000s}{section.5}% 83
\BOOKMARK [3][-]{subsubsection.5.6.1}{\376\377\000C\000o\000o\000r\000d\000i\000n\000a\000t\000e\000\040\000R\000e\000p\000r\000e\000s\000e\000n\000t\000a\000t\000i\000o\000n}{subsection.5.6}% 84
\BOOKMARK [3][-]{subsubsection.5.6.2}{\376\377\000W\000h\000y\000\040\000C\000o\000o\000r\000d\000i\000n\000a\000t\000e\000s\000\040\000C\000h\000a\000n\000g\000e\000\040\000W\000i\000t\000h\000\040\000B\000a\000s\000i\000s}{subsection.5.6}% 85
\BOOKMARK [1][-]{section.6}{\376\377\000G\000r\000a\000m\000-\000S\000c\000h\000m\000i\000d\000t\000\040\000O\000r\000t\000h\000o\000g\000o\000n\000a\000l\000i\000z\000a\000t\000i\000o\000n}{}% 86
\BOOKMARK [2][-]{subsection.6.1}{\376\377\000M\000o\000t\000i\000v\000a\000t\000i\000o\000n\000\040\000a\000n\000d\000\040\000C\000o\000n\000c\000e\000p\000t}{section.6}% 87
\BOOKMARK [2][-]{subsection.6.2}{\376\377\000P\000r\000o\000j\000e\000c\000t\000i\000o\000n\000\040\000R\000e\000v\000i\000e\000w}{section.6}% 88
\BOOKMARK [3][-]{subsubsection.6.2.1}{\376\377\000V\000e\000c\000t\000o\000r\000\040\000P\000r\000o\000j\000e\000c\000t\000i\000o\000n\000\040\000F\000o\000r\000m\000u\000l\000a}{subsection.6.2}% 89
\BOOKMARK [3][-]{subsubsection.6.2.2}{\376\377\000G\000e\000o\000m\000e\000t\000r\000i\000c\000\040\000I\000n\000t\000e\000r\000p\000r\000e\000t\000a\000t\000i\000o\000n}{subsection.6.2}% 90
\BOOKMARK [2][-]{subsection.6.3}{\376\377\000G\000r\000a\000m\000-\000S\000c\000h\000m\000i\000d\000t\000\040\000A\000l\000g\000o\000r\000i\000t\000h\000m}{section.6}% 91
\BOOKMARK [3][-]{subsubsection.6.3.1}{\376\377\000S\000t\000e\000p\000-\000b\000y\000-\000S\000t\000e\000p\000\040\000P\000r\000o\000c\000e\000s\000s}{subsection.6.3}% 92
\BOOKMARK [3][-]{subsubsection.6.3.2}{\376\377\000W\000h\000y\000\040\000I\000t\000\040\000W\000o\000r\000k\000s}{subsection.6.3}% 93
\BOOKMARK [2][-]{subsection.6.4}{\376\377\000O\000r\000t\000h\000o\000n\000o\000r\000m\000a\000l\000i\000z\000a\000t\000i\000o\000n}{section.6}% 94
\BOOKMARK [3][-]{subsubsection.6.4.1}{\376\377\000N\000o\000r\000m\000a\000l\000i\000z\000a\000t\000i\000o\000n}{subsection.6.4}% 95
\BOOKMARK [2][-]{subsection.6.5}{\376\377\000W\000o\000r\000k\000e\000d\000\040\000E\000x\000a\000m\000p\000l\000e\000\040\000i\000n\000\040\000R\0002}{section.6}% 96
\BOOKMARK [2][-]{subsection.6.6}{\376\377\000W\000o\000r\000k\000e\000d\000\040\000E\000x\000a\000m\000p\000l\000e\000\040\000i\000n\000\040\000R\0003}{section.6}% 97
